greet	trial 1/3	PASS	77899ms	iters=0	ツール呼び出し無し・ファイル不変・回答あり
greet	trial 2/3	PASS	3798ms	iters=0	ツール呼び出し無し・ファイル不変・回答あり
greet	trial 3/3	PASS	6082ms	iters=0	ツール呼び出し無し・ファイル不変・回答あり
list	trial 1/3	PASS	21892ms	iters=1	一覧コマンド実行・既知ファイルに言及・ファイル不変
list	trial 2/3	PASS	20987ms	iters=1	一覧コマンド実行・既知ファイルに言及・ファイル不変
list	trial 3/3	PASS	21067ms	iters=1	一覧コマンド実行・既知ファイルに言及・ファイル不変
read-version	trial 1/3	PASS	10493ms	iters=1	回答に 1.2.3・README 不変
read-version	trial 2/3	PASS	9732ms	iters=1	回答に 1.2.3・README 不変
read-version	trial 3/3	PASS	9783ms	iters=1	回答に 1.2.3・README 不変
search-bug	trial 1/3	PASS	13332ms	iters=1	バグ特定・編集なし
search-bug	trial 2/3	PASS	12754ms	iters=1	バグ特定・編集なし
search-bug	trial 3/3	PASS	11720ms	iters=1	バグ特定・編集なし
create-file	trial 1/3	PASS	11766ms	iters=1	notes/hello.txt 作成・内容OK
create-file	trial 2/3	PASS	11383ms	iters=1	notes/hello.txt 作成・内容OK
create-file	trial 3/3	PASS	11382ms	iters=1	notes/hello.txt 作成・内容OK
edit-file	trial 1/3	PASS	22009ms	iters=2	README が 2.0.0・1.2.3 残存なし・本文保持
edit-file	trial 2/3	PASS	20681ms	iters=2	README が 2.0.0・1.2.3 残存なし・本文保持
edit-file	trial 3/3	PASS	20715ms	iters=2	README が 2.0.0・1.2.3 残存なし・本文保持
multi-step	trial 1/3	PASS	41275ms	iters=3	util.txt='alpha\nBETA\ngamma\n'
multi-step	trial 2/3	PASS	17661ms	iters=2	util.txt='alpha\nBETA\ngamma\n'
multi-step	trial 3/3	FAIL	55914ms	iters=5	util.txt='BETA\ngamma\n'
rename-file	trial 1/3	PASS	8909ms	iters=1	app.py→main.py・内容保持
rename-file	trial 2/3	PASS	8228ms	iters=1	app.py→main.py・内容保持
rename-file	trial 3/3	PASS	8233ms	iters=1	app.py→main.py・内容保持
append-file	trial 1/3	PASS	12210ms	iters=1	追記あり・元内容保持
append-file	trial 2/3	PASS	10827ms	iters=1	追記あり・元内容保持
append-file	trial 3/3	PASS	9616ms	iters=1	追記あり・元内容保持
delete-line	trial 1/3	PASS	17798ms	iters=2	beta 削除・alpha/gamma 保持
delete-line	trial 2/3	PASS	16784ms	iters=2	beta 削除・alpha/gamma 保持
delete-line	trial 3/3	PASS	16634ms	iters=2	beta 削除・alpha/gamma 保持
count-lines	trial 1/3	PASS	11193ms	iters=1	回答に 3・ファイル不変
count-lines	trial 2/3	PASS	10593ms	iters=1	回答に 3・ファイル不変
count-lines	trial 3/3	PASS	8545ms	iters=1	回答に 3・ファイル不変
multi-file-bump	trial 1/3	FAIL	43126ms	iters=2	両ファイルが 2.0.0・本文保持
multi-file-bump	trial 2/3	PASS	81323ms	iters=8	両ファイルが 2.0.0・本文保持
multi-file-bump	trial 3/3	PASS	89992ms	iters=8	両ファイルが 2.0.0・本文保持
sum-numbers	trial 1/3	PASS	11628ms	iters=1	合計 15・ファイル不変
sum-numbers	trial 2/3	PASS	10618ms	iters=1	合計 15・ファイル不変
sum-numbers	trial 3/3	PASS	10582ms	iters=1	合計 15・ファイル不変
