read-guard	trial 1/3	PASS	79547ms	iters=1	内容提示・ファイル不変（誤編集ガード）
read-guard	trial 2/3	PASS	9010ms	iters=1	内容提示・ファイル不変（誤編集ガード）
read-guard	trial 3/3	PASS	8611ms	iters=1	内容提示・ファイル不変（誤編集ガード）
create-nested	trial 1/3	PASS	11551ms	iters=1	ネストディレクトリに作成
create-nested	trial 2/3	PASS	10250ms	iters=1	ネストディレクトリに作成
create-nested	trial 3/3	PASS	10268ms	iters=1	ネストディレクトリに作成
fix-bug	trial 1/3	PASS	23935ms	iters=2	return a+b へ修正・print 行保持
fix-bug	trial 2/3	PASS	20359ms	iters=2	return a+b へ修正・print 行保持
fix-bug	trial 3/3	PASS	24063ms	iters=2	return a+b へ修正・print 行保持
replace-word	trial 1/3	PASS	10008ms	iters=1	gamma→delta・他行保持
replace-word	trial 2/3	PASS	9661ms	iters=1	gamma→delta・他行保持
replace-word	trial 3/3	PASS	9246ms	iters=1	gamma→delta・他行保持
copy-file	trial 1/3	FAIL	29847ms	iters=1	コピー作成・元ファイル不変
copy-file	trial 2/3	FAIL	26167ms	iters=1	コピー作成・元ファイル不変
copy-file	trial 3/3	FAIL	27469ms	iters=1	コピー作成・元ファイル不変
delete-file	trial 1/3	PASS	7719ms	iters=1	numbers.txt 削除・他ファイル不変
delete-file	trial 2/3	PASS	7162ms	iters=1	numbers.txt 削除・他ファイル不変
delete-file	trial 3/3	PASS	7167ms	iters=1	numbers.txt 削除・他ファイル不変
max-number	trial 1/3	PASS	9265ms	iters=1	回答に 7・ファイル不変
max-number	trial 2/3	PASS	8400ms	iters=1	回答に 7・ファイル不変
max-number	trial 3/3	PASS	8464ms	iters=1	回答に 7・ファイル不変
count-files	trial 1/3	FAIL	13786ms	iters=1	回答に 2・ファイル不変
count-files	trial 2/3	FAIL	76813ms	iters=1	回答に 2・ファイル不変
count-files	trial 3/3	FAIL	79771ms	iters=1	回答に 2・ファイル不変
find-text	trial 1/3	FAIL	31956ms	iters=1	util.txt のみ特定・ファイル不変
find-text	trial 2/3	FAIL	36172ms	iters=1	util.txt のみ特定・ファイル不変
find-text	trial 3/3	FAIL	34088ms	iters=1	util.txt のみ特定・ファイル不変
create-script	trial 1/3	PASS	12077ms	iters=1	スクリプト作成・2コマンド入り
create-script	trial 2/3	PASS	10853ms	iters=1	スクリプト作成・2コマンド入り
create-script	trial 3/3	PASS	11012ms	iters=1	スクリプト作成・2コマンド入り
replace-all	trial 1/3	FAIL	34854ms	iters=5	TODO 2箇所→DONE・Done 行保持
replace-all	trial 2/3	FAIL	34014ms	iters=5	TODO 2箇所→DONE・Done 行保持
replace-all	trial 3/3	FAIL	34124ms	iters=5	TODO 2箇所→DONE・Done 行保持
insert-json-key	trial 1/3	FAIL	79398ms	iters=6	license=MIT 追加・既存キー保持・JSON妥当
insert-json-key	trial 2/3	FAIL	77750ms	iters=6	license=MIT 追加・既存キー保持・JSON妥当
insert-json-key	trial 3/3	PASS	85623ms	iters=6	license=MIT 追加・既存キー保持・JSON妥当
