greet	trial 1/3	PASS	76474ms	iters=0	ツール呼び出し無し・ファイル不変・回答あり
greet	trial 2/3	PASS	6694ms	iters=0	ツール呼び出し無し・ファイル不変・回答あり
greet	trial 3/3	PASS	7875ms	iters=0	ツール呼び出し無し・ファイル不変・回答あり
list	trial 1/3	PASS	22680ms	iters=1	一覧コマンド実行・既知ファイルに言及・ファイル不変
list	trial 2/3	PASS	22587ms	iters=1	一覧コマンド実行・既知ファイルに言及・ファイル不変
list	trial 3/3	PASS	20497ms	iters=1	一覧コマンド実行・既知ファイルに言及・ファイル不変
read-version	trial 1/3	PASS	10446ms	iters=1	回答に 1.2.3・README 不変
read-version	trial 2/3	PASS	9743ms	iters=1	回答に 1.2.3・README 不変
read-version	trial 3/3	PASS	9702ms	iters=1	回答に 1.2.3・README 不変
search-bug	trial 1/3	PASS	20137ms	iters=1	バグ特定・編集なし
search-bug	trial 2/3	PASS	12405ms	iters=1	バグ特定・編集なし
search-bug	trial 3/3	PASS	11910ms	iters=1	バグ特定・編集なし
create-file	trial 1/3	PASS	12229ms	iters=1	notes/hello.txt 作成・内容OK
create-file	trial 2/3	PASS	10926ms	iters=1	notes/hello.txt 作成・内容OK
create-file	trial 3/3	PASS	10904ms	iters=1	notes/hello.txt 作成・内容OK
edit-file	trial 1/3	PASS	22119ms	iters=2	README が 2.0.0・1.2.3 残存なし・本文保持
edit-file	trial 2/3	PASS	20853ms	iters=2	README が 2.0.0・1.2.3 残存なし・本文保持
edit-file	trial 3/3	PASS	22418ms	iters=2	README が 2.0.0・1.2.3 残存なし・本文保持
multi-step	trial 1/3	PASS	18629ms	iters=2	util.txt='alpha\nBETA\ngamma\n'
multi-step	trial 2/3	PASS	17477ms	iters=2	util.txt='alpha\nBETA\ngamma\n'
multi-step	trial 3/3	PASS	88438ms	iters=7	util.txt='alpha\nBETA\ngamma\n'
rename-file	trial 1/3	PASS	8854ms	iters=1	app.py→main.py・内容保持
rename-file	trial 2/3	PASS	8176ms	iters=1	app.py→main.py・内容保持
rename-file	trial 3/3	PASS	8196ms	iters=1	app.py→main.py・内容保持
append-file	trial 1/3	PASS	12122ms	iters=1	追記あり・元内容保持
append-file	trial 2/3	PASS	11100ms	iters=1	追記あり・元内容保持
append-file	trial 3/3	PASS	9542ms	iters=1	追記あり・元内容保持
delete-line	trial 1/3	PASS	17728ms	iters=2	beta 削除・alpha/gamma 保持
delete-line	trial 2/3	PASS	16188ms	iters=2	beta 削除・alpha/gamma 保持
delete-line	trial 3/3	PASS	16737ms	iters=2	beta 削除・alpha/gamma 保持
count-lines	trial 1/3	PASS	9138ms	iters=1	回答に 3・ファイル不変
count-lines	trial 2/3	PASS	8447ms	iters=1	回答に 3・ファイル不変
count-lines	trial 3/3	PASS	8883ms	iters=1	回答に 3・ファイル不変
multi-file-bump	trial 1/3	PASS	942490ms	iters=10	両ファイルが 2.0.0・本文保持
multi-file-bump	trial 2/3	PASS	41869ms	iters=4	両ファイルが 2.0.0・本文保持
multi-file-bump	trial 3/3	PASS	40214ms	iters=4	両ファイルが 2.0.0・本文保持
sum-numbers	trial 1/3	PASS	11713ms	iters=1	合計 15・ファイル不変
sum-numbers	trial 2/3	PASS	10568ms	iters=1	合計 15・ファイル不変
sum-numbers	trial 3/3	PASS	10628ms	iters=1	合計 15・ファイル不変
read-guard	trial 1/3	PASS	10221ms	iters=1	内容提示・ファイル不変（誤編集ガード）
read-guard	trial 2/3	PASS	8646ms	iters=1	内容提示・ファイル不変（誤編集ガード）
read-guard	trial 3/3	PASS	9021ms	iters=1	内容提示・ファイル不変（誤編集ガード）
create-nested	trial 1/3	PASS	11641ms	iters=1	ネストディレクトリに作成
create-nested	trial 2/3	PASS	9408ms	iters=1	ネストディレクトリに作成
create-nested	trial 3/3	PASS	9656ms	iters=1	ネストディレクトリに作成
fix-bug	trial 1/3	PASS	21047ms	iters=2	return a+b へ修正・print 行保持
fix-bug	trial 2/3	PASS	23312ms	iters=2	return a+b へ修正・print 行保持
fix-bug	trial 3/3	PASS	20564ms	iters=2	return a+b へ修正・print 行保持
replace-word	trial 1/3	PASS	10008ms	iters=1	gamma→delta・他行保持
replace-word	trial 2/3	PASS	9106ms	iters=1	gamma→delta・他行保持
replace-word	trial 3/3	PASS	9122ms	iters=1	gamma→delta・他行保持
copy-file	trial 1/3	PASS	36171ms	iters=3	コピー作成・元ファイル不変
copy-file	trial 2/3	PASS	35397ms	iters=3	コピー作成・元ファイル不変
copy-file	trial 3/3	PASS	35348ms	iters=3	コピー作成・元ファイル不変
delete-file	trial 1/3	PASS	7662ms	iters=1	numbers.txt 削除・他ファイル不変
delete-file	trial 2/3	PASS	7180ms	iters=1	numbers.txt 削除・他ファイル不変
delete-file	trial 3/3	PASS	7208ms	iters=1	numbers.txt 削除・他ファイル不変
max-number	trial 1/3	PASS	9368ms	iters=1	回答に 7・ファイル不変
max-number	trial 2/3	PASS	8505ms	iters=1	回答に 7・ファイル不変
max-number	trial 3/3	PASS	8528ms	iters=1	回答に 7・ファイル不変
count-files	trial 1/3	PASS	12518ms	iters=1	回答に 2・ファイル不変
count-files	trial 2/3	PASS	11217ms	iters=1	回答に 2・ファイル不変
count-files	trial 3/3	PASS	11384ms	iters=1	回答に 2・ファイル不変
find-text	trial 1/3	PASS	21597ms	iters=2	util.txt のみ特定・ファイル不変
find-text	trial 2/3	PASS	20668ms	iters=2	util.txt のみ特定・ファイル不変
find-text	trial 3/3	PASS	20760ms	iters=2	util.txt のみ特定・ファイル不変
create-script	trial 1/3	PASS	12206ms	iters=1	スクリプト作成・2コマンド入り
create-script	trial 2/3	PASS	10957ms	iters=1	スクリプト作成・2コマンド入り
create-script	trial 3/3	PASS	10883ms	iters=1	スクリプト作成・2コマンド入り
replace-all	trial 1/3	PASS	29883ms	iters=3	TODO 2箇所→DONE・Done 行保持
replace-all	trial 2/3	PASS	29148ms	iters=3	TODO 2箇所→DONE・Done 行保持
replace-all	trial 3/3	PASS	26747ms	iters=3	TODO 2箇所→DONE・Done 行保持
insert-json-key	trial 1/3	PASS	56792ms	iters=4	license=MIT 追加・既存キー保持・JSON妥当
insert-json-key	trial 2/3	PASS	55478ms	iters=4	license=MIT 追加・既存キー保持・JSON妥当
insert-json-key	trial 3/3	PASS	86144ms	iters=6	license=MIT 追加・既存キー保持・JSON妥当
