read-guard	trial 1/3	PASS	78281ms	iters=1	内容提示・ファイル不変（誤編集ガード）
read-guard	trial 2/3	PASS	9735ms	iters=1	内容提示・ファイル不変（誤編集ガード）
read-guard	trial 3/3	PASS	8968ms	iters=1	内容提示・ファイル不変（誤編集ガード）
create-nested	trial 1/3	PASS	11594ms	iters=1	ネストディレクトリに作成
create-nested	trial 2/3	PASS	10291ms	iters=1	ネストディレクトリに作成
create-nested	trial 3/3	PASS	10419ms	iters=1	ネストディレクトリに作成
fix-bug	trial 1/3	PASS	23741ms	iters=2	return a+b へ修正・print 行保持
fix-bug	trial 2/3	PASS	20644ms	iters=2	return a+b へ修正・print 行保持
fix-bug	trial 3/3	PASS	23010ms	iters=2	return a+b へ修正・print 行保持
replace-word	trial 1/3	PASS	10058ms	iters=1	gamma→delta・他行保持
replace-word	trial 2/3	PASS	9517ms	iters=1	gamma→delta・他行保持
replace-word	trial 3/3	PASS	9676ms	iters=1	gamma→delta・他行保持
copy-file	trial 1/3	PASS	47812ms	iters=3	コピー作成・元ファイル不変
copy-file	trial 2/3	PASS	46742ms	iters=3	コピー作成・元ファイル不変
copy-file	trial 3/3	PASS	46428ms	iters=3	コピー作成・元ファイル不変
delete-file	trial 1/3	PASS	7661ms	iters=1	numbers.txt 削除・他ファイル不変
delete-file	trial 2/3	PASS	7179ms	iters=1	numbers.txt 削除・他ファイル不変
delete-file	trial 3/3	PASS	7157ms	iters=1	numbers.txt 削除・他ファイル不変
max-number	trial 1/3	FAIL	11605ms	iters=1	回答に 7・ファイル不変
max-number	trial 2/3	PASS	8437ms	iters=1	回答に 7・ファイル不変
max-number	trial 3/3	PASS	8394ms	iters=1	回答に 7・ファイル不変
count-files	trial 1/3	PASS	66633ms	iters=2	回答に 2・ファイル不変
count-files	trial 2/3	PASS	65394ms	iters=2	回答に 2・ファイル不変
count-files	trial 3/3	FAIL	98148ms	iters=2	回答に 2・ファイル不変
find-text	trial 1/3	FAIL	43202ms	iters=1	util.txt のみ特定・ファイル不変
find-text	trial 2/3	FAIL	40786ms	iters=1	util.txt のみ特定・ファイル不変
find-text	trial 3/3	FAIL	39273ms	iters=1	util.txt のみ特定・ファイル不変
create-script	trial 1/3	PASS	12345ms	iters=1	スクリプト作成・2コマンド入り
create-script	trial 2/3	PASS	10371ms	iters=1	スクリプト作成・2コマンド入り
create-script	trial 3/3	PASS	11042ms	iters=1	スクリプト作成・2コマンド入り
replace-all	trial 1/3	PASS	30005ms	iters=3	TODO 2箇所→DONE・Done 行保持
replace-all	trial 2/3	PASS	26871ms	iters=3	TODO 2箇所→DONE・Done 行保持
replace-all	trial 3/3	PASS	29169ms	iters=3	TODO 2箇所→DONE・Done 行保持
insert-json-key	trial 1/3	PASS	38989ms	iters=3	license=MIT 追加・既存キー保持・JSON妥当
insert-json-key	trial 2/3	PASS	55257ms	iters=4	license=MIT 追加・既存キー保持・JSON妥当
insert-json-key	trial 3/3	PASS	55204ms	iters=4	license=MIT 追加・既存キー保持・JSON妥当
