greet	trial 1/3	PASS	74014ms	iters=0	ツール呼び出し無し・ファイル不変・回答あり
greet	trial 2/3	PASS	5271ms	iters=0	ツール呼び出し無し・ファイル不変・回答あり
greet	trial 3/3	PASS	5509ms	iters=0	ツール呼び出し無し・ファイル不変・回答あり
list	trial 1/3	PASS	21055ms	iters=1	一覧コマンド実行・既知ファイルに言及・ファイル不変
list	trial 2/3	PASS	20907ms	iters=1	一覧コマンド実行・既知ファイルに言及・ファイル不変
list	trial 3/3	PASS	20922ms	iters=1	一覧コマンド実行・既知ファイルに言及・ファイル不変
read-version	trial 1/3	PASS	10484ms	iters=1	回答に 1.2.3・README 不変
read-version	trial 2/3	PASS	9699ms	iters=1	回答に 1.2.3・README 不変
read-version	trial 3/3	PASS	9464ms	iters=1	回答に 1.2.3・README 不変
search-bug	trial 1/3	PASS	13528ms	iters=1	バグ特定・編集なし
search-bug	trial 2/3	PASS	12489ms	iters=1	バグ特定・編集なし
search-bug	trial 3/3	PASS	12356ms	iters=1	バグ特定・編集なし
create-file	trial 1/3	PASS	11745ms	iters=1	notes/hello.txt 作成・内容OK
create-file	trial 2/3	PASS	10654ms	iters=1	notes/hello.txt 作成・内容OK
create-file	trial 3/3	PASS	11294ms	iters=1	notes/hello.txt 作成・内容OK
edit-file	trial 1/3	PASS	23169ms	iters=2	README が 2.0.0・1.2.3 残存なし・本文保持
edit-file	trial 2/3	PASS	20756ms	iters=2	README が 2.0.0・1.2.3 残存なし・本文保持
edit-file	trial 3/3	PASS	20875ms	iters=2	README が 2.0.0・1.2.3 残存なし・本文保持
multi-step	trial 1/3	PASS	18679ms	iters=2	util.txt='alpha\nBETA\ngamma\n'
multi-step	trial 2/3	PASS	17729ms	iters=2	util.txt='alpha\nBETA\ngamma\n'
multi-step	trial 3/3	FAIL	28599ms	iters=2	util.txt='alpha\nbeta\ngamma\n'
rename-file	trial 1/3	PASS	8877ms	iters=1	app.py→main.py・内容保持
rename-file	trial 2/3	PASS	8201ms	iters=1	app.py→main.py・内容保持
rename-file	trial 3/3	PASS	8195ms	iters=1	app.py→main.py・内容保持
append-file	trial 1/3	PASS	10920ms	iters=1	追記あり・元内容保持
append-file	trial 2/3	PASS	9561ms	iters=1	追記あり・元内容保持
append-file	trial 3/3	PASS	9564ms	iters=1	追記あり・元内容保持
delete-line	trial 1/3	PASS	17605ms	iters=2	beta 削除・alpha/gamma 保持
delete-line	trial 2/3	PASS	16793ms	iters=2	beta 削除・alpha/gamma 保持
delete-line	trial 3/3	PASS	16783ms	iters=2	beta 削除・alpha/gamma 保持
count-lines	trial 1/3	PASS	9133ms	iters=1	回答に 3・ファイル不変
count-lines	trial 2/3	PASS	9806ms	iters=1	回答に 3・ファイル不変
count-lines	trial 3/3	PASS	9813ms	iters=1	回答に 3・ファイル不変
multi-file-bump	trial 1/3	PASS	83259ms	iters=8	両ファイルが 2.0.0・本文保持
multi-file-bump	trial 2/3	PASS	81304ms	iters=8	両ファイルが 2.0.0・本文保持
multi-file-bump	trial 3/3	PASS	75695ms	iters=8	両ファイルが 2.0.0・本文保持
sum-numbers	trial 1/3	PASS	11501ms	iters=1	合計 15・ファイル不変
sum-numbers	trial 2/3	PASS	10571ms	iters=1	合計 15・ファイル不変
sum-numbers	trial 3/3	PASS	10540ms	iters=1	合計 15・ファイル不変
